#
# There is insufficient memory for the Java Runtime Environment to continue.
# Native memory allocation (malloc) failed to allocate 2280176 bytes for Chunk::new
# Possible reasons:
#   The system is out of physical RAM or swap space
#   In 32 bit mode, the process size limit was hit
# Possible solutions:
#   Reduce memory load on the system
#   Increase physical memory or swap space
#   Check if swap backing store is full
#   Use 64 bit Java on a 64 bit OS
#   Decrease Java heap size (-Xmx/-Xms)
#   Decrease number of Java threads
#   Decrease Java thread stack sizes (-Xss)
#   Set larger code cache with -XX:ReservedCodeCacheSize=
# This output file may be truncated or incomplete.
#
#  Out of Memory Error (allocation.cpp:390), pid=29828, tid=0x0000000000004d10
#
# JRE version: Java(TM) SE Runtime Environment (8.0_144-b01) (build 1.8.0_144-b01)
# Java VM: Java HotSpot(TM) 64-Bit Server VM (25.144-b01 mixed mode windows-amd64 compressed oops)
# Failed to write core dump. Minidumps are not enabled by default on client versions of Windows
#

---------------  T H R E A D  ---------------

Current thread (0x0000000019c74000):  JavaThread "C2 CompilerThread0" daemon [_thread_in_native, id=19728, stack(0x000000001b2f0000,0x000000001b3f0000)]

Stack: [0x000000001b2f0000,0x000000001b3f0000]
[error occurred during error reporting (printing stack bounds), id 0xc0000005]

Native frames: (J=compiled Java code, j=interpreted, Vv=VM code, C=native code)


Current CompileTask:
C2:  10302 2388   !   4       java.net.URLClassLoader$1::run (63 bytes)


---------------  P R O C E S S  ---------------

Java Threads: ( => current thread )
  0x000000001b60c800 JavaThread "Service Thread" daemon [_thread_blocked, id=21588, stack(0x000000001b9f0000,0x000000001baf0000)]
  0x0000000019c9c800 JavaThread "C1 CompilerThread2" daemon [_thread_blocked, id=23568, stack(0x000000001b4f0000,0x000000001b5f0000)]
  0x0000000019c79000 JavaThread "C2 CompilerThread1" daemon [_thread_blocked, id=26984, stack(0x000000001b3f0000,0x000000001b4f0000)]
=>0x0000000019c74000 JavaThread "C2 CompilerThread0" daemon [_thread_in_native, id=19728, stack(0x000000001b2f0000,0x000000001b3f0000)]
  0x0000000019c71800 JavaThread "Attach Listener" daemon [_thread_blocked, id=8844, stack(0x000000001b1f0000,0x000000001b2f0000)]
  0x0000000019c6e000 JavaThread "Signal Dispatcher" daemon [_thread_blocked, id=13056, stack(0x000000001b0f0000,0x000000001b1f0000)]
  0x0000000019c59800 JavaThread "Finalizer" daemon [_thread_blocked, id=29888, stack(0x000000001aed0000,0x000000001afd0000)]
  0x0000000002b81000 JavaThread "Reference Handler" daemon [_thread_blocked, id=28924, stack(0x000000001add0000,0x000000001aed0000)]
  0x000000000298d800 JavaThread "main" [_thread_in_native, id=2672, stack(0x0000000002990000,0x0000000002a90000)]

Other Threads:
  0x0000000019c38000 VMThread [stack: 0x000000001acd0000,0x000000001add0000] [id=12580]
  0x000000001b60e800 WatcherThread [stack: 0x000000001baf0000,0x000000001bbf0000] [id=24288]

VM state:not at safepoint (normal execution)

VM Mutex/Monitor currently owned by a thread: None

Heap:
 PSYoungGen      total 57344K, used 39218K [0x0000000780580000, 0x0000000787580000, 0x00000007c0000000)
  eden space 49152K, 63% used [0x0000000780580000,0x00000007823d4300,0x0000000783580000)
  from space 8192K, 99% used [0x0000000783d80000,0x0000000784578648,0x0000000784580000)
  to   space 8192K, 0% used [0x0000000783580000,0x0000000783580000,0x0000000783d80000)
 ParOldGen       total 131072K, used 1649K [0x0000000701000000, 0x0000000709000000, 0x0000000780580000)
  object space 131072K, 1% used [0x0000000701000000,0x000000070119c798,0x0000000709000000)
 Metaspace       used 15771K, capacity 16140K, committed 16384K, reserved 1062912K
  class space    used 1916K, capacity 2016K, committed 2048K, reserved 1048576K

Card table byte_map: [0x0000000011f50000,0x0000000012550000] byte_map_base: 0x000000000e748000

Marking Bits: (ParMarkBitMap*) 0x000000006ce7d850
 Begin Bits: [0x0000000012d50000, 0x0000000015d10000)
 End Bits:   [0x0000000015d10000, 0x0000000018cd0000)

Polling page: 0x0000000000aa0000

CodeCache: size=245760Kb used=8897Kb max_used=8935Kb free=236862Kb
 bounds [0x0000000002b90000, 0x0000000003460000, 0x0000000011b90000]
 total_blobs=2909 nmethods=2564 adapters=257
 compilation: enabled

Compilation events (10 events):
Event: 10.158 Thread 0x0000000019c9c800 2555       1       org.apache.maven.model.profile.DefaultProfileActivationContext::getUserProperties (5 bytes)
Event: 10.158 Thread 0x0000000019c9c800 nmethod 2555 0x000000000341a690 code [0x000000000341a7e0, 0x000000000341a8f0]
Event: 10.160 Thread 0x0000000019c9c800 2556       3       org.apache.maven.repository.internal.ArtifactDescriptorUtils::toRemoteRepository (49 bytes)
Event: 10.160 Thread 0x0000000019c9c800 nmethod 2556 0x000000000341a950 code [0x000000000341ab20, 0x000000000341b3b8]
Event: 10.161 Thread 0x0000000019c9c800 2557       3       java.util.ArrayList::listIterator (10 bytes)
Event: 10.161 Thread 0x0000000019c9c800 nmethod 2557 0x000000000341b5d0 code [0x000000000341b740, 0x000000000341bab0]
Event: 10.161 Thread 0x0000000019c9c800 2558       3       java.util.ArrayList$ListItr::<init> (17 bytes)
Event: 10.161 Thread 0x0000000019c9c800 nmethod 2558 0x000000000341bc50 code [0x000000000341bdc0, 0x000000000341c070]
Event: 10.161 Thread 0x0000000019c9c800 2559       3       org.eclipse.aether.DefaultRepositoryCache::get (11 bytes)
Event: 10.161 Thread 0x0000000019c9c800 nmethod 2559 0x000000000341c210 code [0x000000000341c380, 0x000000000341c5a8]

GC Heap History (4 events):
Event: 1.971 GC heap before
{Heap before GC invocations=1 (full 0):
 PSYoungGen      total 57344K, used 49152K [0x0000000780580000, 0x0000000784580000, 0x00000007c0000000)
  eden space 49152K, 100% used [0x0000000780580000,0x0000000783580000,0x0000000783580000)
  from space 8192K, 0% used [0x0000000783d80000,0x0000000783d80000,0x0000000784580000)
  to   space 8192K, 0% used [0x0000000783580000,0x0000000783580000,0x0000000783d80000)
 ParOldGen       total 131072K, used 0K [0x0000000701000000, 0x0000000709000000, 0x0000000780580000)
  object space 131072K, 0% used [0x0000000701000000,0x0000000701000000,0x0000000709000000)
 Metaspace       used 9856K, capacity 10052K, committed 10368K, reserved 1058816K
  class space    used 1210K, capacity 1285K, committed 1408K, reserved 1048576K
Event: 1.980 GC heap after
Heap after GC invocations=1 (full 0):
 PSYoungGen      total 57344K, used 7309K [0x0000000780580000, 0x0000000784580000, 0x00000007c0000000)
  eden space 49152K, 0% used [0x0000000780580000,0x0000000780580000,0x0000000783580000)
  from space 8192K, 89% used [0x0000000783580000,0x0000000783ca3528,0x0000000783d80000)
  to   space 8192K, 0% used [0x0000000783d80000,0x0000000783d80000,0x0000000784580000)
 ParOldGen       total 131072K, used 16K [0x0000000701000000, 0x0000000709000000, 0x0000000780580000)
  object space 131072K, 0% used [0x0000000701000000,0x0000000701004000,0x0000000709000000)
 Metaspace       used 9856K, capacity 10052K, committed 10368K, reserved 1058816K
  class space    used 1210K, capacity 1285K, committed 1408K, reserved 1048576K
}
Event: 5.691 GC heap before
{Heap before GC invocations=2 (full 0):
 PSYoungGen      total 57344K, used 56461K [0x0000000780580000, 0x0000000784580000, 0x00000007c0000000)
  eden space 49152K, 100% used [0x0000000780580000,0x0000000783580000,0x0000000783580000)
  from space 8192K, 89% used [0x0000000783580000,0x0000000783ca3528,0x0000000783d80000)
  to   space 8192K, 0% used [0x0000000783d80000,0x0000000783d80000,0x0000000784580000)
 ParOldGen       total 131072K, used 16K [0x0000000701000000, 0x0000000709000000, 0x0000000780580000)
  object space 131072K, 0% used [0x0000000701000000,0x0000000701004000,0x0000000709000000)
 Metaspace       used 14791K, capacity 15054K, committed 15232K, reserved 1062912K
  class space    used 1809K, capacity 1911K, committed 1920K, reserved 1048576K
Event: 5.757 GC heap after
Heap after GC invocations=2 (full 0):
 PSYoungGen      total 57344K, used 8161K [0x0000000780580000, 0x0000000787580000, 0x00000007c0000000)
  eden space 49152K, 0% used [0x0000000780580000,0x0000000780580000,0x0000000783580000)
  from space 8192K, 99% used [0x0000000783d80000,0x0000000784578648,0x0000000784580000)
  to   space 8192K, 0% used [0x0000000783580000,0x0000000783580000,0x0000000783d80000)
 ParOldGen       total 131072K, used 1649K [0x0000000701000000, 0x0000000709000000, 0x0000000780580000)
  object space 131072K, 1% used [0x0000000701000000,0x000000070119c798,0x0000000709000000)
 Metaspace       used 14791K, capacity 15054K, committed 15232K, reserved 1062912K
  class space    used 1809K, capacity 1911K, committed 1920K, reserved 1048576K
}

Deoptimization events (10 events):
Event: 8.779 Thread 0x000000000298d800 Uncommon trap: reason=class_check action=maybe_recompile pc=0x000000000327e22c method=java.util.regex.Pattern$CharProperty$1.isSatisfiedBy(I)Z @ 5
Event: 8.779 Thread 0x000000000298d800 Uncommon trap: reason=class_check action=maybe_recompile pc=0x000000000327e21c method=java.util.regex.Pattern$7.isSatisfiedBy(I)Z @ 16
Event: 8.779 Thread 0x000000000298d800 Uncommon trap: reason=class_check action=maybe_recompile pc=0x000000000327e21c method=java.util.regex.Pattern$7.isSatisfiedBy(I)Z @ 16
Event: 8.779 Thread 0x000000000298d800 Uncommon trap: reason=bimorphic action=maybe_recompile pc=0x000000000333a208 method=java.util.regex.Pattern$BmpCharProperty.match(Ljava/util/regex/Matcher;ILjava/lang/CharSequence;)Z @ 16
Event: 8.779 Thread 0x000000000298d800 Uncommon trap: reason=bimorphic action=maybe_recompile pc=0x000000000333a208 method=java.util.regex.Pattern$BmpCharProperty.match(Ljava/util/regex/Matcher;ILjava/lang/CharSequence;)Z @ 16
Event: 8.779 Thread 0x000000000298d800 Uncommon trap: reason=bimorphic action=maybe_recompile pc=0x000000000333a208 method=java.util.regex.Pattern$BmpCharProperty.match(Ljava/util/regex/Matcher;ILjava/lang/CharSequence;)Z @ 16
Event: 8.779 Thread 0x000000000298d800 Uncommon trap: reason=bimorphic action=maybe_recompile pc=0x000000000333a208 method=java.util.regex.Pattern$BmpCharProperty.match(Ljava/util/regex/Matcher;ILjava/lang/CharSequence;)Z @ 16
Event: 9.021 Thread 0x000000000298d800 Uncommon trap: reason=unstable_if action=reinterpret pc=0x0000000003111be0 method=sun.net.www.protocol.jar.Handler.parseURL(Ljava/net/URL;Ljava/lang/String;II)V @ 94
Event: 9.164 Thread 0x000000000298d800 Uncommon trap: reason=bimorphic action=maybe_recompile pc=0x00000000031a9b80 method=java.util.regex.Pattern$CharProperty.match(Ljava/util/regex/Matcher;ILjava/lang/CharSequence;)Z @ 37
Event: 9.274 Thread 0x000000000298d800 Uncommon trap: reason=unstable_if action=reinterpret pc=0x000000000333c04c method=java.util.HashMap$HashIterator.<init>(Ljava/util/HashMap;)V @ 45

Internal exceptions (10 events):
Event: 3.068 Thread 0x000000000298d800 Exception <a 'java/lang/NullPointerException'> (0x0000000781f0edc0) thrown at [C:\re\workspace\8-2-build-windows-amd64-cygwin\jdk8u144\9417\hotspot\src\share\vm\interpreter\linkResolver.cpp, line 1197]
Event: 3.068 Thread 0x000000000298d800 Exception <a 'java/lang/NullPointerException'> (0x0000000781f0efd8) thrown at [C:\re\workspace\8-2-build-windows-amd64-cygwin\jdk8u144\9417\hotspot\src\share\vm\interpreter\linkResolver.cpp, line 1197]
Event: 3.068 Thread 0x000000000298d800 Exception <a 'java/lang/NullPointerException'> (0x0000000781f0f1f0) thrown at [C:\re\workspace\8-2-build-windows-amd64-cygwin\jdk8u144\9417\hotspot\src\share\vm\interpreter\linkResolver.cpp, line 1197]
Event: 3.069 Thread 0x000000000298d800 Exception <a 'java/lang/NullPointerException'> (0x0000000781f27000) thrown at [C:\re\workspace\8-2-build-windows-amd64-cygwin\jdk8u144\9417\hotspot\src\share\vm\interpreter\linkResolver.cpp, line 1197]
Event: 3.069 Thread 0x000000000298d800 Exception <a 'java/lang/NullPointerException'> (0x0000000781f27218) thrown at [C:\re\workspace\8-2-build-windows-amd64-cygwin\jdk8u144\9417\hotspot\src\share\vm\interpreter\linkResolver.cpp, line 1197]
Event: 3.070 Thread 0x000000000298d800 Exception <a 'java/lang/NullPointerException'> (0x0000000781f27430) thrown at [C:\re\workspace\8-2-build-windows-amd64-cygwin\jdk8u144\9417\hotspot\src\share\vm\interpreter\linkResolver.cpp, line 1197]
Event: 3.744 Thread 0x000000000298d800 Implicit null exception at 0x00000000031b7c71 to 0x00000000031b8f65
Event: 4.523 Thread 0x000000000298d800 Implicit null exception at 0x0000000002f9bbd5 to 0x0000000002f9bdd9
Event: 4.523 Thread 0x000000000298d800 Implicit null exception at 0x0000000002e96b6f to 0x0000000002e96bd9
Event: 4.528 Thread 0x000000000298d800 Implicit null exception at 0x0000000002f1817b to 0x0000000002f18769

Events (10 events):
Event: 9.340 loading class org/eclipse/aether/resolution/ResolutionErrorPolicyRequest
Event: 9.340 loading class org/eclipse/aether/resolution/ResolutionErrorPolicyRequest done
Event: 9.369 loading class org/apache/maven/artifact/repository/metadata/io/xpp3/MetadataXpp3Reader
Event: 9.369 loading class org/apache/maven/artifact/repository/metadata/io/xpp3/MetadataXpp3Reader done
Event: 9.370 loading class org/apache/maven/artifact/repository/metadata/io/xpp3/MetadataXpp3Reader$ContentTransformer
Event: 9.370 loading class org/apache/maven/artifact/repository/metadata/io/xpp3/MetadataXpp3Reader$ContentTransformer done
Event: 9.371 loading class org/apache/maven/artifact/repository/metadata/io/xpp3/MetadataXpp3Reader$1
Event: 9.371 loading class org/apache/maven/artifact/repository/metadata/io/xpp3/MetadataXpp3Reader$1 done
Event: 9.374 loading class java/util/ComparableTimSort
Event: 9.374 loading class java/util/ComparableTimSort done


Dynamic libraries:
0x00007ff785380000 - 0x00007ff7853b7000 	C:\Program Files\Java\jdk1.8.0_144\bin\javaw.exe
0x00007ff915d50000 - 0x00007ff915f31000 	C:\WINDOWS\SYSTEM32\ntdll.dll
0x00007ff913630000 - 0x00007ff9136e2000 	C:\WINDOWS\System32\KERNEL32.DLL
0x00007ff9125b0000 - 0x00007ff912823000 	C:\WINDOWS\System32\KERNELBASE.dll
0x00007ff915c70000 - 0x00007ff915d11000 	C:\WINDOWS\System32\ADVAPI32.dll
0x00007ff913bd0000 - 0x00007ff913c6e000 	C:\WINDOWS\System32\msvcrt.dll
0x00007ff913ae0000 - 0x00007ff913b3b000 	C:\WINDOWS\System32\sechost.dll
0x00007ff9150b0000 - 0x00007ff9151d4000 	C:\WINDOWS\System32\RPCRT4.dll
0x00007ff915570000 - 0x00007ff915700000 	C:\WINDOWS\System32\USER32.dll
0x00007ff9128e0000 - 0x00007ff912900000 	C:\WINDOWS\System32\win32u.dll
0x00007ff915900000 - 0x00007ff915928000 	C:\WINDOWS\System32\GDI32.dll
0x00007ff9121c0000 - 0x00007ff912352000 	C:\WINDOWS\System32\gdi32full.dll
0x00007ff912120000 - 0x00007ff9121bf000 	C:\WINDOWS\System32\msvcp_win.dll
0x00007ff9130e0000 - 0x00007ff9131da000 	C:\WINDOWS\System32\ucrtbase.dll
0x00007ff9039a0000 - 0x00007ff903c09000 	C:\WINDOWS\WinSxS\amd64_microsoft.windows.common-controls_6595b64144ccf1df_6.0.17134.112_none_fb3f961b30681c12\COMCTL32.dll
0x00007ff913750000 - 0x00007ff913a73000 	C:\WINDOWS\System32\combase.dll
0x00007ff912900000 - 0x00007ff91297a000 	C:\WINDOWS\System32\bcryptPrimitives.dll
0x00007ff9158a0000 - 0x00007ff9158cd000 	C:\WINDOWS\System32\IMM32.DLL
0x000000006cf00000 - 0x000000006cfd2000 	C:\Program Files\Java\jdk1.8.0_144\jre\bin\msvcr100.dll
0x000000006c660000 - 0x000000006cefd000 	C:\Program Files\Java\jdk1.8.0_144\jre\bin\server\jvm.dll
0x00007ff913bc0000 - 0x00007ff913bc8000 	C:\WINDOWS\System32\PSAPI.DLL
0x00007ff90b350000 - 0x00007ff90b359000 	C:\WINDOWS\SYSTEM32\WSOCK32.dll
0x00007ff915290000 - 0x00007ff9152fc000 	C:\WINDOWS\System32\WS2_32.dll
0x00007ff904be0000 - 0x00007ff904c03000 	C:\WINDOWS\SYSTEM32\WINMM.dll
0x00007ff90fdd0000 - 0x00007ff90fdda000 	C:\WINDOWS\SYSTEM32\VERSION.dll
0x00007ff9045b0000 - 0x00007ff9045da000 	C:\WINDOWS\SYSTEM32\WINMMBASE.dll
0x00007ff913090000 - 0x00007ff9130d9000 	C:\WINDOWS\System32\cfgmgr32.dll
0x000000006d230000 - 0x000000006d23f000 	C:\Program Files\Java\jdk1.8.0_144\jre\bin\verify.dll
0x000000006d200000 - 0x000000006d229000 	C:\Program Files\Java\jdk1.8.0_144\jre\bin\java.dll
0x000000006d1e0000 - 0x000000006d1f6000 	C:\Program Files\Java\jdk1.8.0_144\jre\bin\zip.dll
0x00007ff913c70000 - 0x00007ff9150b0000 	C:\WINDOWS\System32\SHELL32.dll
0x00007ff9151e0000 - 0x00007ff915289000 	C:\WINDOWS\System32\shcore.dll
0x00007ff912980000 - 0x00007ff91308d000 	C:\WINDOWS\System32\windows.storage.dll
0x00007ff9136f0000 - 0x00007ff913741000 	C:\WINDOWS\System32\shlwapi.dll
0x00007ff912100000 - 0x00007ff912111000 	C:\WINDOWS\System32\kernel.appcore.dll
0x00007ff9120c0000 - 0x00007ff9120df000 	C:\WINDOWS\System32\profapi.dll
0x00007ff912060000 - 0x00007ff9120ac000 	C:\WINDOWS\System32\powrprof.dll
0x00007ff9120b0000 - 0x00007ff9120ba000 	C:\WINDOWS\System32\FLTLIB.DLL
0x000000006d1c0000 - 0x000000006d1da000 	C:\Program Files\Java\jdk1.8.0_144\jre\bin\net.dll
0x00007ff911880000 - 0x00007ff9118e6000 	C:\WINDOWS\system32\mswsock.dll
0x000000006d1a0000 - 0x000000006d1b1000 	C:\Program Files\Java\jdk1.8.0_144\jre\bin\nio.dll

VM Arguments:
jvm_args: -Dmaven.home=EMBEDDED -Dclassworlds.conf=C:\SPQ\ProyectoRECU\workspace-ProyectoRECUBUENO\.metadata\.plugins\org.eclipse.m2e.launching\launches\m2conf8683749879830033100.tmp -Dmaven.multiModuleProjectDirectory=C:\SPQ\ProyectoRECU\BSPQ18-S6BUENO -Dfile.encoding=Cp1252 
java_command: org.codehaus.plexus.classworlds.launcher.Launcher -B exec:java -Pclient
java_class_path (initial): C:\Users\Jesús\.p2\pool\plugins\org.eclipse.m2e.maven.runtime_1.8.2.20171007-0216\jars\plexus-classworlds-2.5.2.jar
Launcher Type: SUN_STANDARD

Environment Variables:
JAVA_HOME=C:\Program Files\Java\jdk1.8.0_144
CLASSPATH=.;.;C:\Program Files (x86)\JMF2.1.1e\lib\sound.jar;C:\Program Files (x86)\JMF2.1.1e\lib\jmf.jar;C:\Program Files (x86)\JMF2.1.1e\lib
PATH=C:/Program Files/Java/jre1.8.0_171/bin/server;C:/Program Files/Java/jre1.8.0_171/bin;C:/Program Files/Java/jre1.8.0_171/lib/amd64;C:\Program Files (x86)\Common Files\Oracle\Java\javapath;C:\Program Files\Docker\Docker\Resources\bin;C:\Program Files\Java\jdk1.8.0_144\bin;C:\mysql-5.7.19-winx64\mysql-5.7.19-winx64\bin;C:\ProgramData\Oracle\Java\javapath;C:\app\Jesús\product\11.2.0\dbhome_4\bin;C:\app\Jesús\product\11.2.0\dbhome_3\bin;C:\app\Jesús\product\11.2.0\dbhome_2\bin;C:\app\Jesús\product\11.2.0\dbhome_1\bin;C:\MinGW\bin;C:\Program Files\Java\jdk1.8.0_25\bin;C:\Program Files (x86)\Skype\Phone\;C:\WINDOWS\system32;C:\WINDOWS;C:\WINDOWS\System32\Wbem;C:\WINDOWS\System32\WindowsPowerShell\v1.0\;C:\xampp\php;C:\HashiCorp\Vagrant\bin;C:\Program Files\apache-maven-3.5.3\bin;C:\Program Files\TortoiseGit\bin;C:\Program Files\Git\cmd;C:\mysql\bin;C:\Program Files\doxygen\bin;C:\Program Files (x86)\Graphviz2.38\bin;C:\Program Files\MiKTeX 2.9\miktex\bin\x64\;C:\WINDOWS\System32\OpenSSH\;C:\Users\Jesús\AppData\Local\Microsoft\WindowsApps;;C:\Program Files\Docker Toolbox;C:\WINDOWS\system32;
USERNAME=Jesús
OS=Windows_NT
PROCESSOR_IDENTIFIER=Intel64 Family 6 Model 69 Stepping 1, GenuineIntel



---------------  S Y S T E M  ---------------

OS: Windows 10.0 , 64 bit Build 17134 (10.0.17134.1)

CPU:total 4 (initial active 4) (2 cores per cpu, 2 threads per core) family 6 model 69 stepping 1, cmov, cx8, fxsr, mmx, sse, sse2, sse3, ssse3, sse4.1, sse4.2, popcnt, avx, avx2, aes, clmul, erms, lzcnt, ht, tsc, tscinvbit, bmi1, bmi2

Memory: 4k page, physical 12511384k(1584220k free), swap 50260120k(15712k free)

vm_info: Java HotSpot(TM) 64-Bit Server VM (25.144-b01) for windows-amd64 JRE (1.8.0_144-b01), built on Jul 21 2017 21:57:33 by "java_re" with MS VC++ 10.0 (VS2010)

time: Mon Jul 02 22:14:16 2018
elapsed time: 10 seconds (0d 0h 0m 10s)

