2018-06-18 10:54:03 INFO  Enhancer:82 - DataNucleus Enhancer (versión 5.1.10) para el API "JDO" utilisando el JRE "{2}"
2018-06-18 10:54:04 INFO  Enhancer:82 - Escribiendo el archivo de clase "C:\SPQ\ProyectoRECU\BSPQ18-S6\target\classes\es\deusto\spq\ciudades\server\jdo\data\Ciudad.class" con definicion enhanced
2018-06-18 10:54:04 INFO  Enhancer:82 - ENHANCED (Persistable) : es.deusto.spq.ciudades.server.jdo.data.Ciudad
2018-06-18 10:54:04 INFO  Enhancer:82 - Escribiendo el archivo de clase "C:\SPQ\ProyectoRECU\BSPQ18-S6\target\classes\es\deusto\spq\ciudades\server\jdo\data\Usuario.class" con definicion enhanced
2018-06-18 10:54:04 INFO  Enhancer:82 - ENHANCED (Persistable) : es.deusto.spq.ciudades.server.jdo.data.Usuario
2018-06-18 10:54:04 INFO  Enhancer:82 - DataNucleus Enhancer ha terminado con exito para 2 clases. Tiempos : input=197 ms, enhance=93 ms, total=290 ms. Compruebe el LOG para los detalles
2018-06-18 10:55:21 INFO  SchemaTool:82 - DataNucleus SchemaTool : Creación del esquema para clases
2018-06-18 10:55:21 INFO  SchemaTool:82 - DataNucleus SchemaTool : Classpath
2018-06-18 10:55:21 INFO  SchemaTool:82 - >>  C:\Users\Jesús\.m2\repository\org\datanucleus\datanucleus-maven-plugin\5.0.2\datanucleus-maven-plugin-5.0.2.jar
2018-06-18 10:55:21 INFO  SchemaTool:82 - >>  C:\Users\Jesús\.m2\repository\org\codehaus\plexus\plexus-utils\3.0.8\plexus-utils-3.0.8.jar
2018-06-18 10:55:21 INFO  SchemaTool:82 - >>  C:\Users\Jesús\.m2\repository\org\apache\maven\maven-artifact\3.0.4\maven-artifact-3.0.4.jar
2018-06-18 10:55:21 INFO  SchemaTool:82 - >>  C:\Users\Jesús\.m2\repository\org\apache\maven\maven-plugin-api\3.0.4\maven-plugin-api-3.0.4.jar
2018-06-18 10:55:21 INFO  SchemaTool:82 - >>  C:\Users\Jesús\.m2\repository\org\apache\maven\maven-model\3.0.4\maven-model-3.0.4.jar
2018-06-18 10:55:21 INFO  SchemaTool:82 - >>  C:\Users\Jesús\.m2\repository\org\sonatype\sisu\sisu-inject-plexus\2.3.0\sisu-inject-plexus-2.3.0.jar
2018-06-18 10:55:21 INFO  SchemaTool:82 - >>  C:\Users\Jesús\.m2\repository\org\codehaus\plexus\plexus-component-annotations\1.5.5\plexus-component-annotations-1.5.5.jar
2018-06-18 10:55:21 INFO  SchemaTool:82 - >>  C:\Users\Jesús\.m2\repository\org\sonatype\sisu\sisu-inject-bean\2.3.0\sisu-inject-bean-2.3.0.jar
2018-06-18 10:55:21 INFO  SchemaTool:82 - >>  C:\Users\Jesús\.m2\repository\org\sonatype\sisu\sisu-guice\3.1.0\sisu-guice-3.1.0-no_aop.jar
2018-06-18 10:55:21 INFO  SchemaTool:82 - >>  C:\Users\Jesús\.m2\repository\org\sonatype\sisu\sisu-guava\0.9.9\sisu-guava-0.9.9.jar
2018-06-18 10:55:21 INFO  SchemaTool:82 - >>  C:\Users\Jesús\.m2\repository\org\codehaus\plexus\plexus-container-default\1.5.5\plexus-container-default-1.5.5.jar
2018-06-18 10:55:21 INFO  SchemaTool:82 - >>  C:\Users\Jesús\.m2\repository\org\codehaus\plexus\plexus-classworlds\2.2.2\plexus-classworlds-2.2.2.jar
2018-06-18 10:55:21 INFO  SchemaTool:82 - >>  C:\Users\Jesús\.m2\repository\org\apache\xbean\xbean-reflect\3.4\xbean-reflect-3.4.jar
2018-06-18 10:55:21 INFO  SchemaTool:82 - >>  C:\Users\Jesús\.m2\repository\log4j\log4j\1.2.12\log4j-1.2.12.jar
2018-06-18 10:55:21 INFO  SchemaTool:82 - >>  C:\Users\Jesús\.m2\repository\commons-logging\commons-logging-api\1.1\commons-logging-api-1.1.jar
2018-06-18 10:55:21 INFO  SchemaTool:82 - >>  C:\Users\Jesús\.m2\repository\com\google\collections\google-collections\1.0\google-collections-1.0.jar
2018-06-18 10:55:21 INFO  SchemaTool:82 - >>  C:\Users\Jesús\.m2\repository\junit\junit\3.8.2\junit-3.8.2.jar
2018-06-18 10:55:21 INFO  SchemaTool:82 - >>  C:\SPQ\ProyectoRECU\BSPQ18-S6\target\classes
2018-06-18 10:55:21 INFO  SchemaTool:82 - >>  C:\Users\Jesús\.m2\repository\org\datanucleus\datanucleus-core\5.1.10\datanucleus-core-5.1.10.jar
2018-06-18 10:55:21 INFO  SchemaTool:82 - >>  C:\Users\Jesús\.m2\repository\org\datanucleus\datanucleus-api-jdo\5.1.7\datanucleus-api-jdo-5.1.7.jar
2018-06-18 10:55:21 INFO  SchemaTool:82 - >>  C:\Users\Jesús\.m2\repository\org\datanucleus\datanucleus-rdbms\5.1.10\datanucleus-rdbms-5.1.10.jar
2018-06-18 10:55:21 INFO  SchemaTool:82 - >>  C:\Users\Jesús\.m2\repository\org\datanucleus\javax.jdo\3.2.0-m8\javax.jdo-3.2.0-m8.jar
2018-06-18 10:55:21 INFO  SchemaTool:82 - >>  C:\Users\Jesús\.m2\repository\javax\transaction\transaction-api\1.1\transaction-api-1.1.jar
2018-06-18 10:55:21 INFO  SchemaTool:82 - >>  C:\Users\Jesús\.m2\repository\mysql\mysql-connector-java\5.1.45\mysql-connector-java-5.1.45.jar
2018-06-18 10:55:21 INFO  SchemaTool:82 - >>  C:\Users\Jesús\.m2\repository\log4j\log4j\1.2.17\log4j-1.2.17.jar
2018-06-18 10:55:21 INFO  Persistence:82 - Propiedad datanucleus.validateconstraints desconocida - vamos a ignorarla
2018-06-18 10:55:21 INFO  Persistence:82 - Propiedad datanucleus.metadata.validate desconocida - vamos a ignorarla
2018-06-18 10:55:21 INFO  Persistence:82 - Propiedad datanucleus.validatetables desconocida - vamos a ignorarla
2018-06-18 10:55:23 INFO  SchemaTool:82 - DataNucleus SchemaTool : Propiedades para persistencia
2018-06-18 10:55:23 INFO  SchemaTool:82 - >>  datanucleus.autostartmechanism=None
2018-06-18 10:55:23 INFO  SchemaTool:82 - >>  datanucleus.connectiondrivername=com.mysql.jdbc.Driver
2018-06-18 10:55:23 INFO  SchemaTool:82 - >>  datanucleus.connectionurl=jdbc:mysql://localhost/proyectoCiudadesDB?verifyServerCertificate=false&useSSL=true
2018-06-18 10:55:23 INFO  SchemaTool:82 - >>  datanucleus.connectionusername=spq
2018-06-18 10:55:23 INFO  SchemaTool:82 - >>  datanucleus.mapping=mysql
2018-06-18 10:55:23 INFO  SchemaTool:82 - >>  datanucleus.metadata.validate=false
2018-06-18 10:55:23 INFO  SchemaTool:82 - >>  datanucleus.rdbms.checkexisttablesorviews=true
2018-06-18 10:55:23 INFO  SchemaTool:82 - >>  datanucleus.readonlydatastore=false
2018-06-18 10:55:23 INFO  SchemaTool:82 - >>  datanucleus.schema.autocreatecolumns=true
2018-06-18 10:55:23 INFO  SchemaTool:82 - >>  datanucleus.schema.autocreateconstraints=true
2018-06-18 10:55:23 INFO  SchemaTool:82 - >>  datanucleus.schema.autocreatetables=true
2018-06-18 10:55:23 INFO  SchemaTool:82 - >>  datanucleus.validateconstraints=false
2018-06-18 10:55:23 INFO  SchemaTool:82 - >>  datanucleus.validatetables=false
2018-06-18 10:55:23 INFO  SchemaTool:82 - DataNucleus SchemaTool : Ficheros
2018-06-18 10:55:23 INFO  SchemaTool:82 - >>  C:\SPQ\ProyectoRECU\BSPQ18-S6\target\classes\es\deusto\spq\ciudades\client\Client.class
2018-06-18 10:55:23 INFO  SchemaTool:82 - >>  C:\SPQ\ProyectoRECU\BSPQ18-S6\target\classes\es\deusto\spq\ciudades\client\controller\CiudadesController.class
2018-06-18 10:55:23 INFO  SchemaTool:82 - >>  C:\SPQ\ProyectoRECU\BSPQ18-S6\target\classes\es\deusto\spq\ciudades\client\gui\VentanaCrearPerfil$1.class
2018-06-18 10:55:23 INFO  SchemaTool:82 - >>  C:\SPQ\ProyectoRECU\BSPQ18-S6\target\classes\es\deusto\spq\ciudades\client\gui\VentanaCrearPerfil$2.class
2018-06-18 10:55:23 INFO  SchemaTool:82 - >>  C:\SPQ\ProyectoRECU\BSPQ18-S6\target\classes\es\deusto\spq\ciudades\client\gui\VentanaCrearPerfil.class
2018-06-18 10:55:23 INFO  SchemaTool:82 - >>  C:\SPQ\ProyectoRECU\BSPQ18-S6\target\classes\es\deusto\spq\ciudades\client\gui\VentanaPerfilUsuario$1.class
2018-06-18 10:55:23 INFO  SchemaTool:82 - >>  C:\SPQ\ProyectoRECU\BSPQ18-S6\target\classes\es\deusto\spq\ciudades\client\gui\VentanaPerfilUsuario$2.class
2018-06-18 10:55:23 INFO  SchemaTool:82 - >>  C:\SPQ\ProyectoRECU\BSPQ18-S6\target\classes\es\deusto\spq\ciudades\client\gui\VentanaPerfilUsuario$3.class
2018-06-18 10:55:23 INFO  SchemaTool:82 - >>  C:\SPQ\ProyectoRECU\BSPQ18-S6\target\classes\es\deusto\spq\ciudades\client\gui\VentanaPerfilUsuario.class
2018-06-18 10:55:23 INFO  SchemaTool:82 - >>  C:\SPQ\ProyectoRECU\BSPQ18-S6\target\classes\es\deusto\spq\ciudades\client\gui\VentanaRankingCiudades$1.class
2018-06-18 10:55:23 INFO  SchemaTool:82 - >>  C:\SPQ\ProyectoRECU\BSPQ18-S6\target\classes\es\deusto\spq\ciudades\client\gui\VentanaRankingCiudades.class
2018-06-18 10:55:23 INFO  SchemaTool:82 - >>  C:\SPQ\ProyectoRECU\BSPQ18-S6\target\classes\es\deusto\spq\ciudades\client\gui\VentanaRecomendaciones.class
2018-06-18 10:55:23 INFO  SchemaTool:82 - >>  C:\SPQ\ProyectoRECU\BSPQ18-S6\target\classes\es\deusto\spq\ciudades\client\gui\VentanLogin$1.class
2018-06-18 10:55:23 INFO  SchemaTool:82 - >>  C:\SPQ\ProyectoRECU\BSPQ18-S6\target\classes\es\deusto\spq\ciudades\client\gui\VentanLogin$2.class
2018-06-18 10:55:23 INFO  SchemaTool:82 - >>  C:\SPQ\ProyectoRECU\BSPQ18-S6\target\classes\es\deusto\spq\ciudades\client\gui\VentanLogin.class
2018-06-18 10:55:23 INFO  SchemaTool:82 - >>  C:\SPQ\ProyectoRECU\BSPQ18-S6\target\classes\es\deusto\spq\ciudades\client\remote\CiudadesServiceLocator.class
2018-06-18 10:55:23 INFO  SchemaTool:82 - >>  C:\SPQ\ProyectoRECU\BSPQ18-S6\target\classes\es\deusto\spq\ciudades\server\jdo\DAO\IManagerDAO.class
2018-06-18 10:55:23 INFO  SchemaTool:82 - >>  C:\SPQ\ProyectoRECU\BSPQ18-S6\target\classes\es\deusto\spq\ciudades\server\jdo\DAO\ManagerDAO.class
2018-06-18 10:55:23 INFO  SchemaTool:82 - >>  C:\SPQ\ProyectoRECU\BSPQ18-S6\target\classes\es\deusto\spq\ciudades\server\jdo\data\Assembler.class
2018-06-18 10:55:23 INFO  SchemaTool:82 - >>  C:\SPQ\ProyectoRECU\BSPQ18-S6\target\classes\es\deusto\spq\ciudades\server\jdo\data\Ciudad.class
2018-06-18 10:55:23 INFO  SchemaTool:82 - >>  C:\SPQ\ProyectoRECU\BSPQ18-S6\target\classes\es\deusto\spq\ciudades\server\jdo\data\CiudadDTO.class
2018-06-18 10:55:23 INFO  SchemaTool:82 - >>  C:\SPQ\ProyectoRECU\BSPQ18-S6\target\classes\es\deusto\spq\ciudades\server\jdo\data\Usuario.class
2018-06-18 10:55:23 INFO  SchemaTool:82 - >>  C:\SPQ\ProyectoRECU\BSPQ18-S6\target\classes\es\deusto\spq\ciudades\server\jdo\data\UsuarioDTO.class
2018-06-18 10:55:23 INFO  SchemaTool:82 - >>  C:\SPQ\ProyectoRECU\BSPQ18-S6\target\classes\es\deusto\spq\ciudades\server\remote\IRemoteFacade.class
2018-06-18 10:55:23 INFO  SchemaTool:82 - >>  C:\SPQ\ProyectoRECU\BSPQ18-S6\target\classes\es\deusto\spq\ciudades\server\Server.class
2018-06-18 10:55:27 INFO  SchemaTool:82 - DataNucleus SchemaTool ha terminado con exito
2018-06-18 11:27:15 INFO  Enhancer:82 - DataNucleus Enhancer (versión 5.1.10) para el API "JDO" utilisando el JRE "{2}"
2018-06-18 11:27:15 INFO  Enhancer:82 - Escribiendo el archivo de clase "C:\SPQ\ProyectoRECU\BSPQ18-S6\target\classes\es\deusto\spq\ciudades\server\jdo\data\Ciudad.class" con definicion enhanced
2018-06-18 11:27:15 INFO  Enhancer:82 - ENHANCED (Persistable) : es.deusto.spq.ciudades.server.jdo.data.Ciudad
2018-06-18 11:27:15 INFO  Enhancer:82 - Escribiendo el archivo de clase "C:\SPQ\ProyectoRECU\BSPQ18-S6\target\classes\es\deusto\spq\ciudades\server\jdo\data\Usuario.class" con definicion enhanced
2018-06-18 11:27:15 INFO  Enhancer:82 - ENHANCED (Persistable) : es.deusto.spq.ciudades.server.jdo.data.Usuario
2018-06-18 11:27:15 INFO  Enhancer:82 - DataNucleus Enhancer ha terminado con exito para 2 clases. Tiempos : input=200 ms, enhance=90 ms, total=290 ms. Compruebe el LOG para los detalles
2018-06-18 11:28:24 INFO  SchemaTool:82 - DataNucleus SchemaTool : Creación del esquema para clases
2018-06-18 11:28:24 INFO  SchemaTool:82 - DataNucleus SchemaTool : Classpath
2018-06-18 11:28:24 INFO  SchemaTool:82 - >>  C:\Users\Jesús\.m2\repository\org\datanucleus\datanucleus-maven-plugin\5.0.2\datanucleus-maven-plugin-5.0.2.jar
2018-06-18 11:28:24 INFO  SchemaTool:82 - >>  C:\Users\Jesús\.m2\repository\org\codehaus\plexus\plexus-utils\3.0.8\plexus-utils-3.0.8.jar
2018-06-18 11:28:24 INFO  SchemaTool:82 - >>  C:\Users\Jesús\.m2\repository\org\apache\maven\maven-artifact\3.0.4\maven-artifact-3.0.4.jar
2018-06-18 11:28:24 INFO  SchemaTool:82 - >>  C:\Users\Jesús\.m2\repository\org\apache\maven\maven-plugin-api\3.0.4\maven-plugin-api-3.0.4.jar
2018-06-18 11:28:24 INFO  SchemaTool:82 - >>  C:\Users\Jesús\.m2\repository\org\apache\maven\maven-model\3.0.4\maven-model-3.0.4.jar
2018-06-18 11:28:24 INFO  SchemaTool:82 - >>  C:\Users\Jesús\.m2\repository\org\sonatype\sisu\sisu-inject-plexus\2.3.0\sisu-inject-plexus-2.3.0.jar
2018-06-18 11:28:24 INFO  SchemaTool:82 - >>  C:\Users\Jesús\.m2\repository\org\codehaus\plexus\plexus-component-annotations\1.5.5\plexus-component-annotations-1.5.5.jar
2018-06-18 11:28:24 INFO  SchemaTool:82 - >>  C:\Users\Jesús\.m2\repository\org\sonatype\sisu\sisu-inject-bean\2.3.0\sisu-inject-bean-2.3.0.jar
2018-06-18 11:28:24 INFO  SchemaTool:82 - >>  C:\Users\Jesús\.m2\repository\org\sonatype\sisu\sisu-guice\3.1.0\sisu-guice-3.1.0-no_aop.jar
2018-06-18 11:28:24 INFO  SchemaTool:82 - >>  C:\Users\Jesús\.m2\repository\org\sonatype\sisu\sisu-guava\0.9.9\sisu-guava-0.9.9.jar
2018-06-18 11:28:24 INFO  SchemaTool:82 - >>  C:\Users\Jesús\.m2\repository\org\codehaus\plexus\plexus-container-default\1.5.5\plexus-container-default-1.5.5.jar
2018-06-18 11:28:24 INFO  SchemaTool:82 - >>  C:\Users\Jesús\.m2\repository\org\codehaus\plexus\plexus-classworlds\2.2.2\plexus-classworlds-2.2.2.jar
2018-06-18 11:28:24 INFO  SchemaTool:82 - >>  C:\Users\Jesús\.m2\repository\org\apache\xbean\xbean-reflect\3.4\xbean-reflect-3.4.jar
2018-06-18 11:28:24 INFO  SchemaTool:82 - >>  C:\Users\Jesús\.m2\repository\log4j\log4j\1.2.12\log4j-1.2.12.jar
2018-06-18 11:28:24 INFO  SchemaTool:82 - >>  C:\Users\Jesús\.m2\repository\commons-logging\commons-logging-api\1.1\commons-logging-api-1.1.jar
2018-06-18 11:28:24 INFO  SchemaTool:82 - >>  C:\Users\Jesús\.m2\repository\com\google\collections\google-collections\1.0\google-collections-1.0.jar
2018-06-18 11:28:24 INFO  SchemaTool:82 - >>  C:\Users\Jesús\.m2\repository\junit\junit\3.8.2\junit-3.8.2.jar
2018-06-18 11:28:24 INFO  SchemaTool:82 - >>  C:\SPQ\ProyectoRECU\BSPQ18-S6\target\classes
2018-06-18 11:28:24 INFO  SchemaTool:82 - >>  C:\Users\Jesús\.m2\repository\org\datanucleus\datanucleus-core\5.1.10\datanucleus-core-5.1.10.jar
2018-06-18 11:28:24 INFO  SchemaTool:82 - >>  C:\Users\Jesús\.m2\repository\org\datanucleus\datanucleus-api-jdo\5.1.7\datanucleus-api-jdo-5.1.7.jar
2018-06-18 11:28:24 INFO  SchemaTool:82 - >>  C:\Users\Jesús\.m2\repository\org\datanucleus\datanucleus-rdbms\5.1.10\datanucleus-rdbms-5.1.10.jar
2018-06-18 11:28:24 INFO  SchemaTool:82 - >>  C:\Users\Jesús\.m2\repository\org\datanucleus\javax.jdo\3.2.0-m8\javax.jdo-3.2.0-m8.jar
2018-06-18 11:28:24 INFO  SchemaTool:82 - >>  C:\Users\Jesús\.m2\repository\javax\transaction\transaction-api\1.1\transaction-api-1.1.jar
2018-06-18 11:28:24 INFO  SchemaTool:82 - >>  C:\Users\Jesús\.m2\repository\mysql\mysql-connector-java\5.1.45\mysql-connector-java-5.1.45.jar
2018-06-18 11:28:24 INFO  SchemaTool:82 - >>  C:\Users\Jesús\.m2\repository\log4j\log4j\1.2.17\log4j-1.2.17.jar
2018-06-18 11:28:24 INFO  Persistence:82 - Propiedad datanucleus.validateconstraints desconocida - vamos a ignorarla
2018-06-18 11:28:24 INFO  Persistence:82 - Propiedad datanucleus.metadata.validate desconocida - vamos a ignorarla
2018-06-18 11:28:24 INFO  Persistence:82 - Propiedad datanucleus.validatetables desconocida - vamos a ignorarla
2018-06-18 11:28:25 INFO  SchemaTool:82 - DataNucleus SchemaTool : Propiedades para persistencia
2018-06-18 11:28:25 INFO  SchemaTool:82 - >>  datanucleus.autostartmechanism=None
2018-06-18 11:28:25 INFO  SchemaTool:82 - >>  datanucleus.connectiondrivername=com.mysql.jdbc.Driver
2018-06-18 11:28:25 INFO  SchemaTool:82 - >>  datanucleus.connectionurl=jdbc:mysql://localhost/proyectoCiudadesDB?verifyServerCertificate=false&useSSL=true
2018-06-18 11:28:25 INFO  SchemaTool:82 - >>  datanucleus.connectionusername=spq
2018-06-18 11:28:25 INFO  SchemaTool:82 - >>  datanucleus.mapping=mysql
2018-06-18 11:28:25 INFO  SchemaTool:82 - >>  datanucleus.metadata.validate=false
2018-06-18 11:28:25 INFO  SchemaTool:82 - >>  datanucleus.rdbms.checkexisttablesorviews=true
2018-06-18 11:28:25 INFO  SchemaTool:82 - >>  datanucleus.readonlydatastore=false
2018-06-18 11:28:25 INFO  SchemaTool:82 - >>  datanucleus.schema.autocreatecolumns=true
2018-06-18 11:28:25 INFO  SchemaTool:82 - >>  datanucleus.schema.autocreateconstraints=true
2018-06-18 11:28:25 INFO  SchemaTool:82 - >>  datanucleus.schema.autocreatetables=true
2018-06-18 11:28:25 INFO  SchemaTool:82 - >>  datanucleus.validateconstraints=false
2018-06-18 11:28:25 INFO  SchemaTool:82 - >>  datanucleus.validatetables=false
2018-06-18 11:28:25 INFO  SchemaTool:82 - DataNucleus SchemaTool : Ficheros
2018-06-18 11:28:25 INFO  SchemaTool:82 - >>  C:\SPQ\ProyectoRECU\BSPQ18-S6\target\classes\es\deusto\spq\ciudades\client\Client.class
2018-06-18 11:28:25 INFO  SchemaTool:82 - >>  C:\SPQ\ProyectoRECU\BSPQ18-S6\target\classes\es\deusto\spq\ciudades\client\controller\CiudadesController.class
2018-06-18 11:28:25 INFO  SchemaTool:82 - >>  C:\SPQ\ProyectoRECU\BSPQ18-S6\target\classes\es\deusto\spq\ciudades\client\gui\VentanaCrearPerfil$1.class
2018-06-18 11:28:25 INFO  SchemaTool:82 - >>  C:\SPQ\ProyectoRECU\BSPQ18-S6\target\classes\es\deusto\spq\ciudades\client\gui\VentanaCrearPerfil$2.class
2018-06-18 11:28:25 INFO  SchemaTool:82 - >>  C:\SPQ\ProyectoRECU\BSPQ18-S6\target\classes\es\deusto\spq\ciudades\client\gui\VentanaCrearPerfil.class
2018-06-18 11:28:25 INFO  SchemaTool:82 - >>  C:\SPQ\ProyectoRECU\BSPQ18-S6\target\classes\es\deusto\spq\ciudades\client\gui\VentanaPerfilUsuario$1.class
2018-06-18 11:28:25 INFO  SchemaTool:82 - >>  C:\SPQ\ProyectoRECU\BSPQ18-S6\target\classes\es\deusto\spq\ciudades\client\gui\VentanaPerfilUsuario$2.class
2018-06-18 11:28:25 INFO  SchemaTool:82 - >>  C:\SPQ\ProyectoRECU\BSPQ18-S6\target\classes\es\deusto\spq\ciudades\client\gui\VentanaPerfilUsuario$3.class
2018-06-18 11:28:25 INFO  SchemaTool:82 - >>  C:\SPQ\ProyectoRECU\BSPQ18-S6\target\classes\es\deusto\spq\ciudades\client\gui\VentanaPerfilUsuario.class
2018-06-18 11:28:25 INFO  SchemaTool:82 - >>  C:\SPQ\ProyectoRECU\BSPQ18-S6\target\classes\es\deusto\spq\ciudades\client\gui\VentanaRankingCiudades$1.class
2018-06-18 11:28:25 INFO  SchemaTool:82 - >>  C:\SPQ\ProyectoRECU\BSPQ18-S6\target\classes\es\deusto\spq\ciudades\client\gui\VentanaRankingCiudades.class
2018-06-18 11:28:25 INFO  SchemaTool:82 - >>  C:\SPQ\ProyectoRECU\BSPQ18-S6\target\classes\es\deusto\spq\ciudades\client\gui\VentanaRecomendaciones.class
2018-06-18 11:28:25 INFO  SchemaTool:82 - >>  C:\SPQ\ProyectoRECU\BSPQ18-S6\target\classes\es\deusto\spq\ciudades\client\gui\VentanLogin$1.class
2018-06-18 11:28:25 INFO  SchemaTool:82 - >>  C:\SPQ\ProyectoRECU\BSPQ18-S6\target\classes\es\deusto\spq\ciudades\client\gui\VentanLogin$2.class
2018-06-18 11:28:25 INFO  SchemaTool:82 - >>  C:\SPQ\ProyectoRECU\BSPQ18-S6\target\classes\es\deusto\spq\ciudades\client\gui\VentanLogin.class
2018-06-18 11:28:25 INFO  SchemaTool:82 - >>  C:\SPQ\ProyectoRECU\BSPQ18-S6\target\classes\es\deusto\spq\ciudades\client\remote\CiudadesServiceLocator.class
2018-06-18 11:28:25 INFO  SchemaTool:82 - >>  C:\SPQ\ProyectoRECU\BSPQ18-S6\target\classes\es\deusto\spq\ciudades\server\jdo\DAO\IManagerDAO.class
2018-06-18 11:28:25 INFO  SchemaTool:82 - >>  C:\SPQ\ProyectoRECU\BSPQ18-S6\target\classes\es\deusto\spq\ciudades\server\jdo\DAO\ManagerDAO.class
2018-06-18 11:28:25 INFO  SchemaTool:82 - >>  C:\SPQ\ProyectoRECU\BSPQ18-S6\target\classes\es\deusto\spq\ciudades\server\jdo\data\Assembler.class
2018-06-18 11:28:25 INFO  SchemaTool:82 - >>  C:\SPQ\ProyectoRECU\BSPQ18-S6\target\classes\es\deusto\spq\ciudades\server\jdo\data\Ciudad.class
2018-06-18 11:28:25 INFO  SchemaTool:82 - >>  C:\SPQ\ProyectoRECU\BSPQ18-S6\target\classes\es\deusto\spq\ciudades\server\jdo\data\CiudadDTO.class
2018-06-18 11:28:25 INFO  SchemaTool:82 - >>  C:\SPQ\ProyectoRECU\BSPQ18-S6\target\classes\es\deusto\spq\ciudades\server\jdo\data\Usuario.class
2018-06-18 11:28:25 INFO  SchemaTool:82 - >>  C:\SPQ\ProyectoRECU\BSPQ18-S6\target\classes\es\deusto\spq\ciudades\server\jdo\data\UsuarioDTO.class
2018-06-18 11:28:25 INFO  SchemaTool:82 - >>  C:\SPQ\ProyectoRECU\BSPQ18-S6\target\classes\es\deusto\spq\ciudades\server\remote\IRemoteFacade.class
2018-06-18 11:28:25 INFO  SchemaTool:82 - >>  C:\SPQ\ProyectoRECU\BSPQ18-S6\target\classes\es\deusto\spq\ciudades\server\Server.class
2018-06-18 11:28:25 INFO  SchemaTool:82 - DataNucleus SchemaTool ha terminado con exito
2018-06-18 11:28:41 INFO  Persistence:82 - Propiedad datanucleus.validateTables desconocida - vamos a ignorarla
2018-06-18 11:28:41 INFO  Persistence:82 - Propiedad datanucleus.validateConstraints desconocida - vamos a ignorarla
2018-06-18 11:28:41 INFO  Persistence:82 - Propiedad datanucleus.metadata.validate desconocida - vamos a ignorarla
2018-06-18 11:28:42 INFO  ManagerDAO:271 - * Guardando al usuario cuyo mail es: cristian@opendeusto.es
2018-06-18 11:28:43 INFO  ManagerDAO:271 - * Guardando al usuario cuyo mail es: jesus@opendeusto.es
2018-06-18 11:28:43 INFO  ManagerDAO:271 - * Guardando al usuario cuyo mail es: admin@opendeusto.es
2018-06-18 11:28:43 INFO  ManagerDAO:40 - Guardan una ciudad cuyo nombre es Madrid
2018-06-18 11:28:43 INFO  ManagerDAO:40 - Guardan una ciudad cuyo nombre es Paris
2018-06-18 11:28:43 INFO  ManagerDAO:436 - Base de datos rellena con exito
2018-06-18 11:30:38 INFO  Enhancer:82 - DataNucleus Enhancer (versión 5.1.10) para el API "JDO" utilisando el JRE "{2}"
2018-06-18 11:30:39 INFO  Enhancer:82 - Escribiendo el archivo de clase "C:\SPQ\ProyectoRECU\BSPQ18-S6\target\classes\es\deusto\spq\ciudades\server\jdo\data\Ciudad.class" con definicion enhanced
2018-06-18 11:30:39 INFO  Enhancer:82 - ENHANCED (Persistable) : es.deusto.spq.ciudades.server.jdo.data.Ciudad
2018-06-18 11:30:39 INFO  Enhancer:82 - Escribiendo el archivo de clase "C:\SPQ\ProyectoRECU\BSPQ18-S6\target\classes\es\deusto\spq\ciudades\server\jdo\data\Usuario.class" con definicion enhanced
2018-06-18 11:30:39 INFO  Enhancer:82 - ENHANCED (Persistable) : es.deusto.spq.ciudades.server.jdo.data.Usuario
2018-06-18 11:30:39 INFO  Enhancer:82 - DataNucleus Enhancer ha terminado con exito para 2 clases. Tiempos : input=188 ms, enhance=97 ms, total=285 ms. Compruebe el LOG para los detalles
2018-06-18 11:31:06 INFO  SchemaTool:82 - DataNucleus SchemaTool : Creación del esquema para clases
2018-06-18 11:31:06 INFO  SchemaTool:82 - DataNucleus SchemaTool : Classpath
2018-06-18 11:31:06 INFO  SchemaTool:82 - >>  C:\Users\Jesús\.m2\repository\org\datanucleus\datanucleus-maven-plugin\5.0.2\datanucleus-maven-plugin-5.0.2.jar
2018-06-18 11:31:06 INFO  SchemaTool:82 - >>  C:\Users\Jesús\.m2\repository\org\codehaus\plexus\plexus-utils\3.0.8\plexus-utils-3.0.8.jar
2018-06-18 11:31:06 INFO  SchemaTool:82 - >>  C:\Users\Jesús\.m2\repository\org\apache\maven\maven-artifact\3.0.4\maven-artifact-3.0.4.jar
2018-06-18 11:31:06 INFO  SchemaTool:82 - >>  C:\Users\Jesús\.m2\repository\org\apache\maven\maven-plugin-api\3.0.4\maven-plugin-api-3.0.4.jar
2018-06-18 11:31:06 INFO  SchemaTool:82 - >>  C:\Users\Jesús\.m2\repository\org\apache\maven\maven-model\3.0.4\maven-model-3.0.4.jar
2018-06-18 11:31:06 INFO  SchemaTool:82 - >>  C:\Users\Jesús\.m2\repository\org\sonatype\sisu\sisu-inject-plexus\2.3.0\sisu-inject-plexus-2.3.0.jar
2018-06-18 11:31:06 INFO  SchemaTool:82 - >>  C:\Users\Jesús\.m2\repository\org\codehaus\plexus\plexus-component-annotations\1.5.5\plexus-component-annotations-1.5.5.jar
2018-06-18 11:31:06 INFO  SchemaTool:82 - >>  C:\Users\Jesús\.m2\repository\org\sonatype\sisu\sisu-inject-bean\2.3.0\sisu-inject-bean-2.3.0.jar
2018-06-18 11:31:06 INFO  SchemaTool:82 - >>  C:\Users\Jesús\.m2\repository\org\sonatype\sisu\sisu-guice\3.1.0\sisu-guice-3.1.0-no_aop.jar
2018-06-18 11:31:06 INFO  SchemaTool:82 - >>  C:\Users\Jesús\.m2\repository\org\sonatype\sisu\sisu-guava\0.9.9\sisu-guava-0.9.9.jar
2018-06-18 11:31:06 INFO  SchemaTool:82 - >>  C:\Users\Jesús\.m2\repository\org\codehaus\plexus\plexus-container-default\1.5.5\plexus-container-default-1.5.5.jar
2018-06-18 11:31:06 INFO  SchemaTool:82 - >>  C:\Users\Jesús\.m2\repository\org\codehaus\plexus\plexus-classworlds\2.2.2\plexus-classworlds-2.2.2.jar
2018-06-18 11:31:06 INFO  SchemaTool:82 - >>  C:\Users\Jesús\.m2\repository\org\apache\xbean\xbean-reflect\3.4\xbean-reflect-3.4.jar
2018-06-18 11:31:06 INFO  SchemaTool:82 - >>  C:\Users\Jesús\.m2\repository\log4j\log4j\1.2.12\log4j-1.2.12.jar
2018-06-18 11:31:06 INFO  SchemaTool:82 - >>  C:\Users\Jesús\.m2\repository\commons-logging\commons-logging-api\1.1\commons-logging-api-1.1.jar
2018-06-18 11:31:06 INFO  SchemaTool:82 - >>  C:\Users\Jesús\.m2\repository\com\google\collections\google-collections\1.0\google-collections-1.0.jar
2018-06-18 11:31:06 INFO  SchemaTool:82 - >>  C:\Users\Jesús\.m2\repository\junit\junit\3.8.2\junit-3.8.2.jar
2018-06-18 11:31:06 INFO  SchemaTool:82 - >>  C:\SPQ\ProyectoRECU\BSPQ18-S6\target\classes
2018-06-18 11:31:06 INFO  SchemaTool:82 - >>  C:\Users\Jesús\.m2\repository\org\datanucleus\datanucleus-core\5.1.10\datanucleus-core-5.1.10.jar
2018-06-18 11:31:06 INFO  SchemaTool:82 - >>  C:\Users\Jesús\.m2\repository\org\datanucleus\datanucleus-api-jdo\5.1.7\datanucleus-api-jdo-5.1.7.jar
2018-06-18 11:31:06 INFO  SchemaTool:82 - >>  C:\Users\Jesús\.m2\repository\org\datanucleus\datanucleus-rdbms\5.1.10\datanucleus-rdbms-5.1.10.jar
2018-06-18 11:31:06 INFO  SchemaTool:82 - >>  C:\Users\Jesús\.m2\repository\org\datanucleus\javax.jdo\3.2.0-m8\javax.jdo-3.2.0-m8.jar
2018-06-18 11:31:06 INFO  SchemaTool:82 - >>  C:\Users\Jesús\.m2\repository\javax\transaction\transaction-api\1.1\transaction-api-1.1.jar
2018-06-18 11:31:06 INFO  SchemaTool:82 - >>  C:\Users\Jesús\.m2\repository\mysql\mysql-connector-java\5.1.45\mysql-connector-java-5.1.45.jar
2018-06-18 11:31:06 INFO  SchemaTool:82 - >>  C:\Users\Jesús\.m2\repository\log4j\log4j\1.2.17\log4j-1.2.17.jar
2018-06-18 11:31:06 INFO  Persistence:82 - Propiedad datanucleus.validateconstraints desconocida - vamos a ignorarla
2018-06-18 11:31:06 INFO  Persistence:82 - Propiedad datanucleus.metadata.validate desconocida - vamos a ignorarla
2018-06-18 11:31:06 INFO  Persistence:82 - Propiedad datanucleus.validatetables desconocida - vamos a ignorarla
2018-06-18 11:31:07 INFO  SchemaTool:82 - DataNucleus SchemaTool : Propiedades para persistencia
2018-06-18 11:31:07 INFO  SchemaTool:82 - >>  datanucleus.autostartmechanism=None
2018-06-18 11:31:07 INFO  SchemaTool:82 - >>  datanucleus.connectiondrivername=com.mysql.jdbc.Driver
2018-06-18 11:31:07 INFO  SchemaTool:82 - >>  datanucleus.connectionurl=jdbc:mysql://localhost/proyectoCiudadesDB?verifyServerCertificate=false&useSSL=true
2018-06-18 11:31:07 INFO  SchemaTool:82 - >>  datanucleus.connectionusername=spq
2018-06-18 11:31:07 INFO  SchemaTool:82 - >>  datanucleus.mapping=mysql
2018-06-18 11:31:07 INFO  SchemaTool:82 - >>  datanucleus.metadata.validate=false
2018-06-18 11:31:07 INFO  SchemaTool:82 - >>  datanucleus.rdbms.checkexisttablesorviews=true
2018-06-18 11:31:07 INFO  SchemaTool:82 - >>  datanucleus.readonlydatastore=false
2018-06-18 11:31:07 INFO  SchemaTool:82 - >>  datanucleus.schema.autocreatecolumns=true
2018-06-18 11:31:07 INFO  SchemaTool:82 - >>  datanucleus.schema.autocreateconstraints=true
2018-06-18 11:31:07 INFO  SchemaTool:82 - >>  datanucleus.schema.autocreatetables=true
2018-06-18 11:31:07 INFO  SchemaTool:82 - >>  datanucleus.validateconstraints=false
2018-06-18 11:31:07 INFO  SchemaTool:82 - >>  datanucleus.validatetables=false
2018-06-18 11:31:07 INFO  SchemaTool:82 - DataNucleus SchemaTool : Ficheros
2018-06-18 11:31:07 INFO  SchemaTool:82 - >>  C:\SPQ\ProyectoRECU\BSPQ18-S6\target\classes\es\deusto\spq\ciudades\client\Client.class
2018-06-18 11:31:07 INFO  SchemaTool:82 - >>  C:\SPQ\ProyectoRECU\BSPQ18-S6\target\classes\es\deusto\spq\ciudades\client\controller\CiudadesController.class
2018-06-18 11:31:07 INFO  SchemaTool:82 - >>  C:\SPQ\ProyectoRECU\BSPQ18-S6\target\classes\es\deusto\spq\ciudades\client\gui\VentanaCrearPerfil$1.class
2018-06-18 11:31:07 INFO  SchemaTool:82 - >>  C:\SPQ\ProyectoRECU\BSPQ18-S6\target\classes\es\deusto\spq\ciudades\client\gui\VentanaCrearPerfil$2.class
2018-06-18 11:31:07 INFO  SchemaTool:82 - >>  C:\SPQ\ProyectoRECU\BSPQ18-S6\target\classes\es\deusto\spq\ciudades\client\gui\VentanaCrearPerfil.class
2018-06-18 11:31:07 INFO  SchemaTool:82 - >>  C:\SPQ\ProyectoRECU\BSPQ18-S6\target\classes\es\deusto\spq\ciudades\client\gui\VentanaPerfilUsuario$1.class
2018-06-18 11:31:07 INFO  SchemaTool:82 - >>  C:\SPQ\ProyectoRECU\BSPQ18-S6\target\classes\es\deusto\spq\ciudades\client\gui\VentanaPerfilUsuario$2.class
2018-06-18 11:31:07 INFO  SchemaTool:82 - >>  C:\SPQ\ProyectoRECU\BSPQ18-S6\target\classes\es\deusto\spq\ciudades\client\gui\VentanaPerfilUsuario$3.class
2018-06-18 11:31:07 INFO  SchemaTool:82 - >>  C:\SPQ\ProyectoRECU\BSPQ18-S6\target\classes\es\deusto\spq\ciudades\client\gui\VentanaPerfilUsuario.class
2018-06-18 11:31:07 INFO  SchemaTool:82 - >>  C:\SPQ\ProyectoRECU\BSPQ18-S6\target\classes\es\deusto\spq\ciudades\client\gui\VentanaRankingCiudades$1.class
2018-06-18 11:31:07 INFO  SchemaTool:82 - >>  C:\SPQ\ProyectoRECU\BSPQ18-S6\target\classes\es\deusto\spq\ciudades\client\gui\VentanaRankingCiudades.class
2018-06-18 11:31:07 INFO  SchemaTool:82 - >>  C:\SPQ\ProyectoRECU\BSPQ18-S6\target\classes\es\deusto\spq\ciudades\client\gui\VentanaRecomendaciones.class
2018-06-18 11:31:07 INFO  SchemaTool:82 - >>  C:\SPQ\ProyectoRECU\BSPQ18-S6\target\classes\es\deusto\spq\ciudades\client\gui\VentanLogin$1.class
2018-06-18 11:31:07 INFO  SchemaTool:82 - >>  C:\SPQ\ProyectoRECU\BSPQ18-S6\target\classes\es\deusto\spq\ciudades\client\gui\VentanLogin$2.class
2018-06-18 11:31:07 INFO  SchemaTool:82 - >>  C:\SPQ\ProyectoRECU\BSPQ18-S6\target\classes\es\deusto\spq\ciudades\client\gui\VentanLogin.class
2018-06-18 11:31:07 INFO  SchemaTool:82 - >>  C:\SPQ\ProyectoRECU\BSPQ18-S6\target\classes\es\deusto\spq\ciudades\client\remote\CiudadesServiceLocator.class
2018-06-18 11:31:07 INFO  SchemaTool:82 - >>  C:\SPQ\ProyectoRECU\BSPQ18-S6\target\classes\es\deusto\spq\ciudades\server\jdo\DAO\IManagerDAO.class
2018-06-18 11:31:07 INFO  SchemaTool:82 - >>  C:\SPQ\ProyectoRECU\BSPQ18-S6\target\classes\es\deusto\spq\ciudades\server\jdo\DAO\ManagerDAO.class
2018-06-18 11:31:07 INFO  SchemaTool:82 - >>  C:\SPQ\ProyectoRECU\BSPQ18-S6\target\classes\es\deusto\spq\ciudades\server\jdo\data\Assembler.class
2018-06-18 11:31:07 INFO  SchemaTool:82 - >>  C:\SPQ\ProyectoRECU\BSPQ18-S6\target\classes\es\deusto\spq\ciudades\server\jdo\data\Ciudad.class
2018-06-18 11:31:07 INFO  SchemaTool:82 - >>  C:\SPQ\ProyectoRECU\BSPQ18-S6\target\classes\es\deusto\spq\ciudades\server\jdo\data\CiudadDTO.class
2018-06-18 11:31:07 INFO  SchemaTool:82 - >>  C:\SPQ\ProyectoRECU\BSPQ18-S6\target\classes\es\deusto\spq\ciudades\server\jdo\data\Usuario.class
2018-06-18 11:31:07 INFO  SchemaTool:82 - >>  C:\SPQ\ProyectoRECU\BSPQ18-S6\target\classes\es\deusto\spq\ciudades\server\jdo\data\UsuarioDTO.class
2018-06-18 11:31:07 INFO  SchemaTool:82 - >>  C:\SPQ\ProyectoRECU\BSPQ18-S6\target\classes\es\deusto\spq\ciudades\server\remote\IRemoteFacade.class
2018-06-18 11:31:07 INFO  SchemaTool:82 - >>  C:\SPQ\ProyectoRECU\BSPQ18-S6\target\classes\es\deusto\spq\ciudades\server\Server.class
2018-06-18 11:31:07 INFO  SchemaTool:82 - DataNucleus SchemaTool ha terminado con exito
2018-06-18 11:31:21 INFO  Persistence:82 - Propiedad datanucleus.validateTables desconocida - vamos a ignorarla
2018-06-18 11:31:21 INFO  Persistence:82 - Propiedad datanucleus.validateConstraints desconocida - vamos a ignorarla
2018-06-18 11:31:21 INFO  Persistence:82 - Propiedad datanucleus.metadata.validate desconocida - vamos a ignorarla
2018-06-18 11:31:23 INFO  ManagerDAO:271 - * Guardando al usuario cuyo email es: cristian@opendeusto.es
2018-06-18 11:31:23 WARN  Persist:101 - Persistencia del objeto "es.deusto.spq.ciudades.server.jdo.data.Usuario@78197df7" con SQL "INSERT INTO `USUARIO` (`APELLIDO`,`NOMBRE`,`PASSWORD`,`EMAIL`) VALUES (?,?,?,?)" ha tirado un error : Duplicate entry 'cristian@opendeusto.es' for key 'PRIMARY'
2018-06-18 11:31:23 ERROR ManagerDAO:61 - Problem occurred trying to store the object
2018-06-18 11:31:23 INFO  ManagerDAO:436 - Base de datos rellena con exito
